2021-03-21 19:34:28.488  INFO 73107 --- [restartedMain] com.hailin.beizhai.BeizhaiApplication    : Starting BeizhaiApplication using Java 1.8.0_275 on HaiLin-MacBook-Air.local with PID 73107 (/Users/zhouhailin/idea-code/beizhai/target/classes started by zhouhailin in /Users/zhouhailin/idea-code/beizhai)
2021-03-21 19:34:28.490 DEBUG 73107 --- [restartedMain] com.hailin.beizhai.BeizhaiApplication    : Running with Spring Boot v2.4.2, Spring v5.3.3
2021-03-21 19:34:28.491  INFO 73107 --- [restartedMain] com.hailin.beizhai.BeizhaiApplication    : The following profiles are active: dev
2021-03-21 19:34:28.515  INFO 73107 --- [restartedMain] .e.DevToolsPropertyDefaultsPostProcessor : Devtools property defaults active! Set 'spring.devtools.add-properties' to 'false' to disable
2021-03-21 19:34:28.515  INFO 73107 --- [restartedMain] .e.DevToolsPropertyDefaultsPostProcessor : For additional web related logging consider setting the 'logging.level.web' property to 'DEBUG'
2021-03-21 19:34:28.893  INFO 73107 --- [restartedMain] .s.d.r.c.RepositoryConfigurationDelegate : Bootstrapping Spring Data JPA repositories in DEFAULT mode.
2021-03-21 19:34:28.920  INFO 73107 --- [restartedMain] .s.d.r.c.RepositoryConfigurationDelegate : Finished Spring Data repository scanning in 23 ms. Found 5 JPA repository interfaces.
2021-03-21 19:34:29.258  INFO 73107 --- [restartedMain] o.s.b.w.embedded.tomcat.TomcatWebServer  : Tomcat initialized with port(s): 8080 (http)
2021-03-21 19:34:29.263  INFO 73107 --- [restartedMain] o.apache.catalina.core.StandardService   : Starting service [Tomcat]
2021-03-21 19:34:29.263  INFO 73107 --- [restartedMain] org.apache.catalina.core.StandardEngine  : Starting Servlet engine: [Apache Tomcat/9.0.41]
2021-03-21 19:34:29.338  INFO 73107 --- [restartedMain] o.a.c.c.C.[Tomcat].[localhost].[/]       : Initializing Spring embedded WebApplicationContext
2021-03-21 19:34:29.338  INFO 73107 --- [restartedMain] w.s.c.ServletWebServerApplicationContext : Root WebApplicationContext: initialization completed in 823 ms
2021-03-21 19:34:29.412  INFO 73107 --- [restartedMain] o.hibernate.jpa.internal.util.LogHelper  : HHH000204: Processing PersistenceUnitInfo [name: default]
2021-03-21 19:34:29.433  INFO 73107 --- [restartedMain] org.hibernate.Version                    : HHH000412: Hibernate ORM core version 5.4.27.Final
2021-03-21 19:34:29.482  INFO 73107 --- [restartedMain] o.hibernate.annotations.common.Version   : HCANN000001: Hibernate Commons Annotations {5.1.2.Final}
2021-03-21 19:34:29.519  INFO 73107 --- [restartedMain] com.zaxxer.hikari.HikariDataSource       : HikariPool-1 - Starting...
2021-03-21 19:34:29.520  WARN 73107 --- [restartedMain] com.zaxxer.hikari.util.DriverDataSource  : Registered driver with driverClassName=com.mysql.jdbc.Driver was not found, trying direct instantiation.
2021-03-21 19:34:29.723  INFO 73107 --- [restartedMain] com.zaxxer.hikari.HikariDataSource       : HikariPool-1 - Start completed.
2021-03-21 19:34:29.731  INFO 73107 --- [restartedMain] org.hibernate.dialect.Dialect            : HHH000400: Using dialect: org.hibernate.dialect.MySQL57Dialect
2021-03-21 19:34:30.161  INFO 73107 --- [restartedMain] o.h.e.t.j.p.i.JtaPlatformInitiator       : HHH000490: Using JtaPlatform implementation: [org.hibernate.engine.transaction.jta.platform.internal.NoJtaPlatform]
2021-03-21 19:34:30.165  INFO 73107 --- [restartedMain] j.LocalContainerEntityManagerFactoryBean : Initialized JPA EntityManagerFactory for persistence unit 'default'
2021-03-21 19:34:30.200  INFO 73107 --- [restartedMain] o.s.b.d.a.OptionalLiveReloadServer       : LiveReload server is running on port 35729
2021-03-21 19:34:30.737  WARN 73107 --- [restartedMain] JpaBaseConfiguration$JpaWebConfiguration : spring.jpa.open-in-view is enabled by default. Therefore, database queries may be performed during view rendering. Explicitly configure spring.jpa.open-in-view to disable this warning
2021-03-21 19:34:30.820  INFO 73107 --- [restartedMain] o.s.s.concurrent.ThreadPoolTaskExecutor  : Initializing ExecutorService 'applicationTaskExecutor'
2021-03-21 19:34:30.875  INFO 73107 --- [restartedMain] o.s.b.a.w.s.WelcomePageHandlerMapping    : Adding welcome page template: index
2021-03-21 19:34:31.032  INFO 73107 --- [restartedMain] o.s.b.w.embedded.tomcat.TomcatWebServer  : Tomcat started on port(s): 8080 (http) with context path ''
2021-03-21 19:34:31.037  INFO 73107 --- [restartedMain] com.hailin.beizhai.BeizhaiApplication    : Started BeizhaiApplication in 2.751 seconds (JVM running for 3.04)
2021-03-21 19:35:01.498  INFO 73107 --- [http-nio-8080-exec-1] o.a.c.c.C.[Tomcat].[localhost].[/]       : Initializing Spring DispatcherServlet 'dispatcherServlet'
2021-03-21 19:35:01.498  INFO 73107 --- [http-nio-8080-exec-1] o.s.web.servlet.DispatcherServlet        : Initializing Servlet 'dispatcherServlet'
2021-03-21 19:35:01.499  INFO 73107 --- [http-nio-8080-exec-1] o.s.web.servlet.DispatcherServlet        : Completed initialization in 1 ms
2021-03-21 19:35:01.516  INFO 73107 --- [http-nio-8080-exec-1] com.hailin.beizhai.aspect.LogAspect      : ---------doBefore--------
2021-03-21 19:35:01.517  INFO 73107 --- [http-nio-8080-exec-1] com.hailin.beizhai.aspect.LogAspect      : Requestlog:Requestlog{url='/', ip='0:0:0:0:0:0:0:1', classMethod='com.hailin.beizhai.web.IndexController.index', args=[Page request [number: 0, size 8, sort: updateTime: DESC], {}]}
2021-03-21 19:35:01.574  WARN 73107 --- [http-nio-8080-exec-1] org.hibernate.orm.deprecation            : HHH90000016: Found use of deprecated 'collection property' syntax in HQL/JPQL query [t.blogs.size]; use collection function syntax instead [size(t.blogs)].
2021-03-21 19:35:01.585  WARN 73107 --- [http-nio-8080-exec-1] org.hibernate.orm.deprecation            : HHH90000016: Found use of deprecated 'collection property' syntax in HQL/JPQL query [t.blogs.size]; use collection function syntax instead [size(t.blogs)].
2021-03-21 19:35:01.589  INFO 73107 --- [http-nio-8080-exec-1] com.hailin.beizhai.aspect.LogAspect      : Result:index
2021-03-21 19:35:01.589  INFO 73107 --- [http-nio-8080-exec-1] com.hailin.beizhai.aspect.LogAspect      : ---------doAfter--------
2021-03-21 19:35:41.828  INFO 73107 --- [http-nio-8080-exec-7] com.hailin.beizhai.aspect.LogAspect      : ---------doBefore--------
2021-03-21 19:35:41.829  INFO 73107 --- [http-nio-8080-exec-7] com.hailin.beizhai.aspect.LogAspect      : Requestlog:Requestlog{url='/types/-1', ip='0:0:0:0:0:0:0:1', classMethod='com.hailin.beizhai.web.TypeShowController.types', args=[-1, Page request [number: 0, size 8, sort: updateTime: DESC], {}]}
2021-03-21 19:35:41.851  INFO 73107 --- [http-nio-8080-exec-7] com.hailin.beizhai.aspect.LogAspect      : Result:types
2021-03-21 19:35:41.852  INFO 73107 --- [http-nio-8080-exec-7] com.hailin.beizhai.aspect.LogAspect      : ---------doAfter--------
2021-03-21 19:35:43.206  INFO 73107 --- [http-nio-8080-exec-3] com.hailin.beizhai.aspect.LogAspect      : ---------doBefore--------
2021-03-21 19:35:43.206  INFO 73107 --- [http-nio-8080-exec-3] com.hailin.beizhai.aspect.LogAspect      : Requestlog:Requestlog{url='/tags/-1', ip='0:0:0:0:0:0:0:1', classMethod='com.hailin.beizhai.web.TagShowController.Tags', args=[-1, Page request [number: 0, size 8, sort: updateTime: DESC], {}]}
2021-03-21 19:35:43.238  INFO 73107 --- [http-nio-8080-exec-3] com.hailin.beizhai.aspect.LogAspect      : Result:tags
2021-03-21 19:35:43.238  INFO 73107 --- [http-nio-8080-exec-3] com.hailin.beizhai.aspect.LogAspect      : ---------doAfter--------
2021-03-21 19:35:44.097  INFO 73107 --- [http-nio-8080-exec-6] com.hailin.beizhai.aspect.LogAspect      : ---------doBefore--------
2021-03-21 19:35:44.101  INFO 73107 --- [http-nio-8080-exec-6] com.hailin.beizhai.aspect.LogAspect      : Requestlog:Requestlog{url='/archives', ip='0:0:0:0:0:0:0:1', classMethod='com.hailin.beizhai.web.ArchiveShowController.archives', args=[{}]}
2021-03-21 19:35:44.131  INFO 73107 --- [http-nio-8080-exec-6] com.hailin.beizhai.aspect.LogAspect      : Result:archives
2021-03-21 19:35:44.131  INFO 73107 --- [http-nio-8080-exec-6] com.hailin.beizhai.aspect.LogAspect      : ---------doAfter--------
2021-03-21 19:35:44.812  INFO 73107 --- [http-nio-8080-exec-7] com.hailin.beizhai.aspect.LogAspect      : ---------doBefore--------
2021-03-21 19:35:44.813  INFO 73107 --- [http-nio-8080-exec-7] com.hailin.beizhai.aspect.LogAspect      : Requestlog:Requestlog{url='/about', ip='0:0:0:0:0:0:0:1', classMethod='com.hailin.beizhai.web.AboutController.about', args=[]}
2021-03-21 19:35:44.816  INFO 73107 --- [http-nio-8080-exec-7] com.hailin.beizhai.aspect.LogAspect      : Result:about
2021-03-21 19:35:44.817  INFO 73107 --- [http-nio-8080-exec-7] com.hailin.beizhai.aspect.LogAspect      : ---------doAfter--------
2021-03-21 19:35:48.023  INFO 73107 --- [http-nio-8080-exec-8] com.hailin.beizhai.aspect.LogAspect      : ---------doBefore--------
2021-03-21 19:35:48.023  INFO 73107 --- [http-nio-8080-exec-8] com.hailin.beizhai.aspect.LogAspect      : Requestlog:Requestlog{url='/', ip='0:0:0:0:0:0:0:1', classMethod='com.hailin.beizhai.web.IndexController.index', args=[Page request [number: 0, size 8, sort: updateTime: DESC], {}]}
2021-03-21 19:35:48.043  INFO 73107 --- [http-nio-8080-exec-8] com.hailin.beizhai.aspect.LogAspect      : Result:index
2021-03-21 19:35:48.044  INFO 73107 --- [http-nio-8080-exec-8] com.hailin.beizhai.aspect.LogAspect      : ---------doAfter--------
2021-03-21 19:38:18.557  INFO 73107 --- [http-nio-8080-exec-6] com.hailin.beizhai.aspect.LogAspect      : ---------doBefore--------
2021-03-21 19:38:18.558  INFO 73107 --- [http-nio-8080-exec-6] com.hailin.beizhai.aspect.LogAspect      : Requestlog:Requestlog{url='/', ip='0:0:0:0:0:0:0:1', classMethod='com.hailin.beizhai.web.IndexController.index', args=[Page request [number: 0, size 8, sort: updateTime: DESC], {}]}
2021-03-21 19:38:18.573  INFO 73107 --- [http-nio-8080-exec-6] com.hailin.beizhai.aspect.LogAspect      : Result:index
2021-03-21 19:38:18.573  INFO 73107 --- [http-nio-8080-exec-6] com.hailin.beizhai.aspect.LogAspect      : ---------doAfter--------
2021-03-21 19:38:53.342  INFO 73107 --- [http-nio-8080-exec-10] com.hailin.beizhai.aspect.LogAspect      : ---------doBefore--------
2021-03-21 19:38:53.342  INFO 73107 --- [http-nio-8080-exec-10] com.hailin.beizhai.aspect.LogAspect      : Requestlog:Requestlog{url='/', ip='0:0:0:0:0:0:0:1', classMethod='com.hailin.beizhai.web.IndexController.index', args=[Page request [number: 0, size 8, sort: updateTime: DESC], {}]}
2021-03-21 19:38:53.353  INFO 73107 --- [http-nio-8080-exec-10] com.hailin.beizhai.aspect.LogAspect      : Result:index
2021-03-21 19:38:53.353  INFO 73107 --- [http-nio-8080-exec-10] com.hailin.beizhai.aspect.LogAspect      : ---------doAfter--------
2021-03-21 19:39:17.624  INFO 73107 --- [http-nio-8080-exec-3] com.hailin.beizhai.aspect.LogAspect      : ---------doBefore--------
2021-03-21 19:39:17.624  INFO 73107 --- [http-nio-8080-exec-3] com.hailin.beizhai.aspect.LogAspect      : Requestlog:Requestlog{url='/', ip='0:0:0:0:0:0:0:1', classMethod='com.hailin.beizhai.web.IndexController.index', args=[Page request [number: 0, size 8, sort: updateTime: DESC], {}]}
2021-03-21 19:39:17.641  INFO 73107 --- [http-nio-8080-exec-3] com.hailin.beizhai.aspect.LogAspect      : Result:index
2021-03-21 19:39:17.641  INFO 73107 --- [http-nio-8080-exec-3] com.hailin.beizhai.aspect.LogAspect      : ---------doAfter--------
2021-03-21 19:39:49.616  INFO 73107 --- [http-nio-8080-exec-1] com.hailin.beizhai.aspect.LogAspect      : ---------doBefore--------
2021-03-21 19:39:49.616  INFO 73107 --- [http-nio-8080-exec-1] com.hailin.beizhai.aspect.LogAspect      : Requestlog:Requestlog{url='/about', ip='0:0:0:0:0:0:0:1', classMethod='com.hailin.beizhai.web.AboutController.about', args=[]}
2021-03-21 19:39:49.616  INFO 73107 --- [http-nio-8080-exec-1] com.hailin.beizhai.aspect.LogAspect      : Result:about
2021-03-21 19:39:49.616  INFO 73107 --- [http-nio-8080-exec-1] com.hailin.beizhai.aspect.LogAspect      : ---------doAfter--------
2021-03-21 19:39:50.243  INFO 73107 --- [http-nio-8080-exec-3] com.hailin.beizhai.aspect.LogAspect      : ---------doBefore--------
2021-03-21 19:39:50.244  INFO 73107 --- [http-nio-8080-exec-3] com.hailin.beizhai.aspect.LogAspect      : Requestlog:Requestlog{url='/archives', ip='0:0:0:0:0:0:0:1', classMethod='com.hailin.beizhai.web.ArchiveShowController.archives', args=[{}]}
2021-03-21 19:39:50.255  INFO 73107 --- [http-nio-8080-exec-3] com.hailin.beizhai.aspect.LogAspect      : Result:archives
2021-03-21 19:39:50.255  INFO 73107 --- [http-nio-8080-exec-3] com.hailin.beizhai.aspect.LogAspect      : ---------doAfter--------
2021-03-21 19:39:50.887  INFO 73107 --- [http-nio-8080-exec-9] com.hailin.beizhai.aspect.LogAspect      : ---------doBefore--------
2021-03-21 19:39:50.887  INFO 73107 --- [http-nio-8080-exec-9] com.hailin.beizhai.aspect.LogAspect      : Requestlog:Requestlog{url='/tags/-1', ip='0:0:0:0:0:0:0:1', classMethod='com.hailin.beizhai.web.TagShowController.Tags', args=[-1, Page request [number: 0, size 8, sort: updateTime: DESC], {}]}
2021-03-21 19:39:50.898  INFO 73107 --- [http-nio-8080-exec-9] com.hailin.beizhai.aspect.LogAspect      : Result:tags
2021-03-21 19:39:50.899  INFO 73107 --- [http-nio-8080-exec-9] com.hailin.beizhai.aspect.LogAspect      : ---------doAfter--------
2021-03-21 19:39:51.601  INFO 73107 --- [http-nio-8080-exec-5] com.hailin.beizhai.aspect.LogAspect      : ---------doBefore--------
2021-03-21 19:39:51.601  INFO 73107 --- [http-nio-8080-exec-5] com.hailin.beizhai.aspect.LogAspect      : Requestlog:Requestlog{url='/types/-1', ip='0:0:0:0:0:0:0:1', classMethod='com.hailin.beizhai.web.TypeShowController.types', args=[-1, Page request [number: 0, size 8, sort: updateTime: DESC], {}]}
2021-03-21 19:39:51.609  INFO 73107 --- [http-nio-8080-exec-5] com.hailin.beizhai.aspect.LogAspect      : Result:types
2021-03-21 19:39:51.609  INFO 73107 --- [http-nio-8080-exec-5] com.hailin.beizhai.aspect.LogAspect      : ---------doAfter--------
2021-03-21 19:39:52.247  INFO 73107 --- [http-nio-8080-exec-7] com.hailin.beizhai.aspect.LogAspect      : ---------doBefore--------
2021-03-21 19:39:52.247  INFO 73107 --- [http-nio-8080-exec-7] com.hailin.beizhai.aspect.LogAspect      : Requestlog:Requestlog{url='/', ip='0:0:0:0:0:0:0:1', classMethod='com.hailin.beizhai.web.IndexController.index', args=[Page request [number: 0, size 8, sort: updateTime: DESC], {}]}
2021-03-21 19:39:52.261  INFO 73107 --- [http-nio-8080-exec-7] com.hailin.beizhai.aspect.LogAspect      : Result:index
2021-03-21 19:39:52.261  INFO 73107 --- [http-nio-8080-exec-7] com.hailin.beizhai.aspect.LogAspect      : ---------doAfter--------
2021-03-21 19:54:36.184  INFO 73107 --- [Thread-8] o.s.s.concurrent.ThreadPoolTaskExecutor  : Shutting down ExecutorService 'applicationTaskExecutor'
2021-03-21 19:54:36.185  INFO 73107 --- [Thread-8] j.LocalContainerEntityManagerFactoryBean : Closing JPA EntityManagerFactory for persistence unit 'default'
2021-03-21 19:54:36.189  INFO 73107 --- [Thread-8] com.zaxxer.hikari.HikariDataSource       : HikariPool-1 - Shutdown initiated...
2021-03-21 19:54:36.192  INFO 73107 --- [Thread-8] com.zaxxer.hikari.HikariDataSource       : HikariPool-1 - Shutdown completed.
2021-03-21 19:54:36.322  INFO 73107 --- [restartedMain] com.hailin.beizhai.BeizhaiApplication    : Starting BeizhaiApplication using Java 1.8.0_275 on HaiLin-MacBook-Air.local with PID 73107 (/Users/zhouhailin/idea-code/beizhai/target/classes started by zhouhailin in /Users/zhouhailin/idea-code/beizhai)
2021-03-21 19:54:36.322 DEBUG 73107 --- [restartedMain] com.hailin.beizhai.BeizhaiApplication    : Running with Spring Boot v2.4.2, Spring v5.3.3
2021-03-21 19:54:36.322  INFO 73107 --- [restartedMain] com.hailin.beizhai.BeizhaiApplication    : The following profiles are active: dev
2021-03-21 19:54:36.394  INFO 73107 --- [restartedMain] .s.d.r.c.RepositoryConfigurationDelegate : Bootstrapping Spring Data JPA repositories in DEFAULT mode.
2021-03-21 19:54:36.403  INFO 73107 --- [restartedMain] .s.d.r.c.RepositoryConfigurationDelegate : Finished Spring Data repository scanning in 8 ms. Found 5 JPA repository interfaces.
2021-03-21 19:54:36.480  INFO 73107 --- [restartedMain] o.s.b.w.embedded.tomcat.TomcatWebServer  : Tomcat initialized with port(s): 8080 (http)
2021-03-21 19:54:36.480  INFO 73107 --- [restartedMain] o.apache.catalina.core.StandardService   : Starting service [Tomcat]
2021-03-21 19:54:36.480  INFO 73107 --- [restartedMain] org.apache.catalina.core.StandardEngine  : Starting Servlet engine: [Apache Tomcat/9.0.41]
2021-03-21 19:54:36.487  INFO 73107 --- [restartedMain] o.a.c.c.C.[Tomcat].[localhost].[/]       : Initializing Spring embedded WebApplicationContext
2021-03-21 19:54:36.487  INFO 73107 --- [restartedMain] w.s.c.ServletWebServerApplicationContext : Root WebApplicationContext: initialization completed in 163 ms
2021-03-21 19:54:36.519  INFO 73107 --- [restartedMain] o.hibernate.jpa.internal.util.LogHelper  : HHH000204: Processing PersistenceUnitInfo [name: default]
2021-03-21 19:54:36.521  INFO 73107 --- [restartedMain] com.zaxxer.hikari.HikariDataSource       : HikariPool-2 - Starting...
2021-03-21 19:54:36.521  WARN 73107 --- [restartedMain] com.zaxxer.hikari.util.DriverDataSource  : Registered driver with driverClassName=com.mysql.jdbc.Driver was not found, trying direct instantiation.
2021-03-21 19:54:36.551  INFO 73107 --- [restartedMain] com.zaxxer.hikari.HikariDataSource       : HikariPool-2 - Start completed.
2021-03-21 19:54:36.551  INFO 73107 --- [restartedMain] org.hibernate.dialect.Dialect            : HHH000400: Using dialect: org.hibernate.dialect.MySQL57Dialect
2021-03-21 19:54:36.626  INFO 73107 --- [restartedMain] o.h.e.t.j.p.i.JtaPlatformInitiator       : HHH000490: Using JtaPlatform implementation: [org.hibernate.engine.transaction.jta.platform.internal.NoJtaPlatform]
2021-03-21 19:54:36.626  INFO 73107 --- [restartedMain] j.LocalContainerEntityManagerFactoryBean : Initialized JPA EntityManagerFactory for persistence unit 'default'
2021-03-21 19:54:36.644  INFO 73107 --- [restartedMain] o.s.b.d.a.OptionalLiveReloadServer       : LiveReload server is running on port 35729
2021-03-21 19:54:36.882  WARN 73107 --- [restartedMain] JpaBaseConfiguration$JpaWebConfiguration : spring.jpa.open-in-view is enabled by default. Therefore, database queries may be performed during view rendering. Explicitly configure spring.jpa.open-in-view to disable this warning
2021-03-21 19:54:36.941  INFO 73107 --- [restartedMain] o.s.s.concurrent.ThreadPoolTaskExecutor  : Initializing ExecutorService 'applicationTaskExecutor'
2021-03-21 19:54:36.963  INFO 73107 --- [restartedMain] o.s.b.a.w.s.WelcomePageHandlerMapping    : Adding welcome page template: index
2021-03-21 19:54:37.045  INFO 73107 --- [restartedMain] o.s.b.w.embedded.tomcat.TomcatWebServer  : Tomcat started on port(s): 8080 (http) with context path ''
2021-03-21 19:54:37.048  INFO 73107 --- [restartedMain] com.hailin.beizhai.BeizhaiApplication    : Started BeizhaiApplication in 0.743 seconds (JVM running for 1209.055)
2021-03-21 19:54:37.049  INFO 73107 --- [restartedMain] .ConditionEvaluationDeltaLoggingListener : Condition evaluation unchanged
2021-03-21 19:54:51.041  INFO 73107 --- [http-nio-8080-exec-1] o.a.c.c.C.[Tomcat].[localhost].[/]       : Initializing Spring DispatcherServlet 'dispatcherServlet'
2021-03-21 19:54:51.042  INFO 73107 --- [http-nio-8080-exec-1] o.s.web.servlet.DispatcherServlet        : Initializing Servlet 'dispatcherServlet'
2021-03-21 19:54:51.044  INFO 73107 --- [http-nio-8080-exec-1] o.s.web.servlet.DispatcherServlet        : Completed initialization in 2 ms
2021-03-21 19:54:51.048  INFO 73107 --- [http-nio-8080-exec-1] com.hailin.beizhai.aspect.LogAspect      : ---------doBefore--------
2021-03-21 19:54:51.049  INFO 73107 --- [http-nio-8080-exec-1] com.hailin.beizhai.aspect.LogAspect      : Requestlog:Requestlog{url='/', ip='0:0:0:0:0:0:0:1', classMethod='com.hailin.beizhai.web.IndexController.index', args=[Page request [number: 0, size 8, sort: updateTime: DESC], {}]}
2021-03-21 19:54:51.072  WARN 73107 --- [http-nio-8080-exec-1] org.hibernate.orm.deprecation            : HHH90000016: Found use of deprecated 'collection property' syntax in HQL/JPQL query [t.blogs.size]; use collection function syntax instead [size(t.blogs)].
2021-03-21 19:54:51.077  WARN 73107 --- [http-nio-8080-exec-1] org.hibernate.orm.deprecation            : HHH90000016: Found use of deprecated 'collection property' syntax in HQL/JPQL query [t.blogs.size]; use collection function syntax instead [size(t.blogs)].
2021-03-21 19:54:51.081  INFO 73107 --- [http-nio-8080-exec-1] com.hailin.beizhai.aspect.LogAspect      : Result:index
2021-03-21 19:54:51.081  INFO 73107 --- [http-nio-8080-exec-1] com.hailin.beizhai.aspect.LogAspect      : ---------doAfter--------
2021-03-21 19:58:14.265  INFO 73107 --- [http-nio-8080-exec-1] com.hailin.beizhai.aspect.LogAspect      : ---------doBefore--------
2021-03-21 19:58:14.265  INFO 73107 --- [http-nio-8080-exec-1] com.hailin.beizhai.aspect.LogAspect      : Requestlog:Requestlog{url='/', ip='0:0:0:0:0:0:0:1', classMethod='com.hailin.beizhai.web.IndexController.index', args=[Page request [number: 0, size 8, sort: updateTime: DESC], {}]}
2021-03-21 19:58:14.280  INFO 73107 --- [http-nio-8080-exec-1] com.hailin.beizhai.aspect.LogAspect      : Result:index
2021-03-21 19:58:14.280  INFO 73107 --- [http-nio-8080-exec-1] com.hailin.beizhai.aspect.LogAspect      : ---------doAfter--------
2021-03-21 19:58:19.125  INFO 73107 --- [http-nio-8080-exec-8] com.hailin.beizhai.aspect.LogAspect      : ---------doBefore--------
2021-03-21 19:58:19.125  INFO 73107 --- [http-nio-8080-exec-8] com.hailin.beizhai.aspect.LogAspect      : Requestlog:Requestlog{url='/', ip='0:0:0:0:0:0:0:1', classMethod='com.hailin.beizhai.web.IndexController.index', args=[Page request [number: 0, size 8, sort: updateTime: DESC], {}]}
2021-03-21 19:58:19.138  INFO 73107 --- [http-nio-8080-exec-8] com.hailin.beizhai.aspect.LogAspect      : Result:index
2021-03-21 19:58:19.138  INFO 73107 --- [http-nio-8080-exec-8] com.hailin.beizhai.aspect.LogAspect      : ---------doAfter--------
2021-03-21 19:58:27.353  INFO 73107 --- [http-nio-8080-exec-5] com.hailin.beizhai.aspect.LogAspect      : ---------doBefore--------
2021-03-21 19:58:27.353  INFO 73107 --- [http-nio-8080-exec-5] com.hailin.beizhai.aspect.LogAspect      : Requestlog:Requestlog{url='/types/-1', ip='0:0:0:0:0:0:0:1', classMethod='com.hailin.beizhai.web.TypeShowController.types', args=[-1, Page request [number: 0, size 8, sort: updateTime: DESC], {}]}
2021-03-21 19:58:27.367  INFO 73107 --- [http-nio-8080-exec-5] com.hailin.beizhai.aspect.LogAspect      : Result:types
2021-03-21 19:58:27.368  INFO 73107 --- [http-nio-8080-exec-5] com.hailin.beizhai.aspect.LogAspect      : ---------doAfter--------
2021-03-21 19:58:30.903  INFO 73107 --- [http-nio-8080-exec-9] com.hailin.beizhai.aspect.LogAspect      : ---------doBefore--------
2021-03-21 19:58:30.904  INFO 73107 --- [http-nio-8080-exec-9] com.hailin.beizhai.aspect.LogAspect      : Requestlog:Requestlog{url='/tags/-1', ip='0:0:0:0:0:0:0:1', classMethod='com.hailin.beizhai.web.TagShowController.Tags', args=[-1, Page request [number: 0, size 8, sort: updateTime: DESC], {}]}
2021-03-21 19:58:30.922  INFO 73107 --- [http-nio-8080-exec-9] com.hailin.beizhai.aspect.LogAspect      : Result:tags
2021-03-21 19:58:30.922  INFO 73107 --- [http-nio-8080-exec-9] com.hailin.beizhai.aspect.LogAspect      : ---------doAfter--------
2021-03-21 19:58:32.228  INFO 73107 --- [http-nio-8080-exec-7] com.hailin.beizhai.aspect.LogAspect      : ---------doBefore--------
2021-03-21 19:58:32.229  INFO 73107 --- [http-nio-8080-exec-7] com.hailin.beizhai.aspect.LogAspect      : Requestlog:Requestlog{url='/archives', ip='0:0:0:0:0:0:0:1', classMethod='com.hailin.beizhai.web.ArchiveShowController.archives', args=[{}]}
2021-03-21 19:58:32.245  INFO 73107 --- [http-nio-8080-exec-7] com.hailin.beizhai.aspect.LogAspect      : Result:archives
2021-03-21 19:58:32.245  INFO 73107 --- [http-nio-8080-exec-7] com.hailin.beizhai.aspect.LogAspect      : ---------doAfter--------
2021-03-21 19:58:34.629  INFO 73107 --- [http-nio-8080-exec-4] com.hailin.beizhai.aspect.LogAspect      : ---------doBefore--------
2021-03-21 19:58:34.629  INFO 73107 --- [http-nio-8080-exec-4] com.hailin.beizhai.aspect.LogAspect      : Requestlog:Requestlog{url='/about', ip='0:0:0:0:0:0:0:1', classMethod='com.hailin.beizhai.web.AboutController.about', args=[]}
2021-03-21 19:58:34.631  INFO 73107 --- [http-nio-8080-exec-4] com.hailin.beizhai.aspect.LogAspect      : Result:about
2021-03-21 19:58:34.631  INFO 73107 --- [http-nio-8080-exec-4] com.hailin.beizhai.aspect.LogAspect      : ---------doAfter--------
2021-03-21 20:01:20.071  INFO 73107 --- [http-nio-8080-exec-2] com.hailin.beizhai.aspect.LogAspect      : ---------doBefore--------
2021-03-21 20:01:20.071  INFO 73107 --- [http-nio-8080-exec-2] com.hailin.beizhai.aspect.LogAspect      : Requestlog:Requestlog{url='/about', ip='0:0:0:0:0:0:0:1', classMethod='com.hailin.beizhai.web.AboutController.about', args=[]}
2021-03-21 20:01:20.071  INFO 73107 --- [http-nio-8080-exec-2] com.hailin.beizhai.aspect.LogAspect      : Result:about
2021-03-21 20:01:20.071  INFO 73107 --- [http-nio-8080-exec-2] com.hailin.beizhai.aspect.LogAspect      : ---------doAfter--------
2021-03-21 20:01:22.457  INFO 73107 --- [http-nio-8080-exec-5] com.hailin.beizhai.aspect.LogAspect      : ---------doBefore--------
2021-03-21 20:01:22.458  INFO 73107 --- [http-nio-8080-exec-5] com.hailin.beizhai.aspect.LogAspect      : Requestlog:Requestlog{url='/', ip='0:0:0:0:0:0:0:1', classMethod='com.hailin.beizhai.web.IndexController.index', args=[Page request [number: 0, size 8, sort: updateTime: DESC], {}]}
2021-03-21 20:01:22.470  INFO 73107 --- [http-nio-8080-exec-5] com.hailin.beizhai.aspect.LogAspect      : Result:index
2021-03-21 20:01:22.471  INFO 73107 --- [http-nio-8080-exec-5] com.hailin.beizhai.aspect.LogAspect      : ---------doAfter--------
2021-03-21 20:02:11.288  INFO 73107 --- [http-nio-8080-exec-3] com.hailin.beizhai.aspect.LogAspect      : ---------doBefore--------
2021-03-21 20:02:11.289  INFO 73107 --- [http-nio-8080-exec-3] com.hailin.beizhai.aspect.LogAspect      : Requestlog:Requestlog{url='/about', ip='0:0:0:0:0:0:0:1', classMethod='com.hailin.beizhai.web.AboutController.about', args=[]}
2021-03-21 20:02:11.290  INFO 73107 --- [http-nio-8080-exec-3] com.hailin.beizhai.aspect.LogAspect      : Result:about
2021-03-21 20:02:11.291  INFO 73107 --- [http-nio-8080-exec-3] com.hailin.beizhai.aspect.LogAspect      : ---------doAfter--------
2021-03-21 20:02:20.147  INFO 73107 --- [http-nio-8080-exec-4] com.hailin.beizhai.aspect.LogAspect      : ---------doBefore--------
2021-03-21 20:02:20.147  INFO 73107 --- [http-nio-8080-exec-4] com.hailin.beizhai.aspect.LogAspect      : Requestlog:Requestlog{url='/', ip='0:0:0:0:0:0:0:1', classMethod='com.hailin.beizhai.web.IndexController.index', args=[Page request [number: 0, size 8, sort: updateTime: DESC], {}]}
2021-03-21 20:02:20.159  INFO 73107 --- [http-nio-8080-exec-4] com.hailin.beizhai.aspect.LogAspect      : Result:index
2021-03-21 20:02:20.159  INFO 73107 --- [http-nio-8080-exec-4] com.hailin.beizhai.aspect.LogAspect      : ---------doAfter--------
2021-03-21 20:02:22.138  INFO 73107 --- [http-nio-8080-exec-7] com.hailin.beizhai.aspect.LogAspect      : ---------doBefore--------
2021-03-21 20:02:22.138  INFO 73107 --- [http-nio-8080-exec-7] com.hailin.beizhai.aspect.LogAspect      : Requestlog:Requestlog{url='/types/-1', ip='0:0:0:0:0:0:0:1', classMethod='com.hailin.beizhai.web.TypeShowController.types', args=[-1, Page request [number: 0, size 8, sort: updateTime: DESC], {}]}
2021-03-21 20:02:22.145  INFO 73107 --- [http-nio-8080-exec-7] com.hailin.beizhai.aspect.LogAspect      : Result:types
2021-03-21 20:02:22.145  INFO 73107 --- [http-nio-8080-exec-7] com.hailin.beizhai.aspect.LogAspect      : ---------doAfter--------
2021-03-21 20:02:23.081  INFO 73107 --- [http-nio-8080-exec-5] com.hailin.beizhai.aspect.LogAspect      : ---------doBefore--------
2021-03-21 20:02:23.082  INFO 73107 --- [http-nio-8080-exec-5] com.hailin.beizhai.aspect.LogAspect      : Requestlog:Requestlog{url='/tags/-1', ip='0:0:0:0:0:0:0:1', classMethod='com.hailin.beizhai.web.TagShowController.Tags', args=[-1, Page request [number: 0, size 8, sort: updateTime: DESC], {}]}
2021-03-21 20:02:23.093  INFO 73107 --- [http-nio-8080-exec-5] com.hailin.beizhai.aspect.LogAspect      : Result:tags
2021-03-21 20:02:23.093  INFO 73107 --- [http-nio-8080-exec-5] com.hailin.beizhai.aspect.LogAspect      : ---------doAfter--------
2021-03-21 20:02:24.122  INFO 73107 --- [http-nio-8080-exec-3] com.hailin.beizhai.aspect.LogAspect      : ---------doBefore--------
2021-03-21 20:02:24.122  INFO 73107 --- [http-nio-8080-exec-3] com.hailin.beizhai.aspect.LogAspect      : Requestlog:Requestlog{url='/archives', ip='0:0:0:0:0:0:0:1', classMethod='com.hailin.beizhai.web.ArchiveShowController.archives', args=[{}]}
2021-03-21 20:02:24.132  INFO 73107 --- [http-nio-8080-exec-3] com.hailin.beizhai.aspect.LogAspect      : Result:archives
2021-03-21 20:02:24.133  INFO 73107 --- [http-nio-8080-exec-3] com.hailin.beizhai.aspect.LogAspect      : ---------doAfter--------
2021-03-21 20:02:38.327  INFO 73107 --- [http-nio-8080-exec-1] com.hailin.beizhai.aspect.LogAspect      : ---------doBefore--------
2021-03-21 20:02:38.327  INFO 73107 --- [http-nio-8080-exec-1] com.hailin.beizhai.aspect.LogAspect      : Requestlog:Requestlog{url='/about', ip='0:0:0:0:0:0:0:1', classMethod='com.hailin.beizhai.web.AboutController.about', args=[]}
2021-03-21 20:02:38.327  INFO 73107 --- [http-nio-8080-exec-1] com.hailin.beizhai.aspect.LogAspect      : Result:about
2021-03-21 20:02:38.327  INFO 73107 --- [http-nio-8080-exec-1] com.hailin.beizhai.aspect.LogAspect      : ---------doAfter--------
2021-03-21 20:02:42.324  INFO 73107 --- [http-nio-8080-exec-4] com.hailin.beizhai.aspect.LogAspect      : ---------doBefore--------
2021-03-21 20:02:42.324  INFO 73107 --- [http-nio-8080-exec-4] com.hailin.beizhai.aspect.LogAspect      : Requestlog:Requestlog{url='/archives', ip='0:0:0:0:0:0:0:1', classMethod='com.hailin.beizhai.web.ArchiveShowController.archives', args=[{}]}
2021-03-21 20:02:42.333  INFO 73107 --- [http-nio-8080-exec-4] com.hailin.beizhai.aspect.LogAspect      : Result:archives
2021-03-21 20:02:42.333  INFO 73107 --- [http-nio-8080-exec-4] com.hailin.beizhai.aspect.LogAspect      : ---------doAfter--------
2021-03-21 20:05:12.782  INFO 73107 --- [http-nio-8080-exec-1] com.hailin.beizhai.aspect.LogAspect      : ---------doBefore--------
2021-03-21 20:05:12.783  INFO 73107 --- [http-nio-8080-exec-1] com.hailin.beizhai.aspect.LogAspect      : Requestlog:Requestlog{url='/archives', ip='0:0:0:0:0:0:0:1', classMethod='com.hailin.beizhai.web.ArchiveShowController.archives', args=[{}]}
2021-03-21 20:05:12.794  INFO 73107 --- [http-nio-8080-exec-1] com.hailin.beizhai.aspect.LogAspect      : Result:archives
2021-03-21 20:05:12.794  INFO 73107 --- [http-nio-8080-exec-1] com.hailin.beizhai.aspect.LogAspect      : ---------doAfter--------
2021-03-21 20:05:15.466  INFO 73107 --- [http-nio-8080-exec-8] com.hailin.beizhai.aspect.LogAspect      : ---------doBefore--------
2021-03-21 20:05:15.466  INFO 73107 --- [http-nio-8080-exec-8] com.hailin.beizhai.aspect.LogAspect      : Requestlog:Requestlog{url='/types/-1', ip='0:0:0:0:0:0:0:1', classMethod='com.hailin.beizhai.web.TypeShowController.types', args=[-1, Page request [number: 0, size 8, sort: updateTime: DESC], {}]}
2021-03-21 20:05:15.475  INFO 73107 --- [http-nio-8080-exec-8] com.hailin.beizhai.aspect.LogAspect      : Result:types
2021-03-21 20:05:15.476  INFO 73107 --- [http-nio-8080-exec-8] com.hailin.beizhai.aspect.LogAspect      : ---------doAfter--------
2021-03-21 20:05:25.942  INFO 73107 --- [http-nio-8080-exec-7] com.hailin.beizhai.aspect.LogAspect      : ---------doBefore--------
2021-03-21 20:05:25.943  INFO 73107 --- [http-nio-8080-exec-7] com.hailin.beizhai.aspect.LogAspect      : Requestlog:Requestlog{url='/tags/-1', ip='0:0:0:0:0:0:0:1', classMethod='com.hailin.beizhai.web.TagShowController.Tags', args=[-1, Page request [number: 0, size 8, sort: updateTime: DESC], {}]}
2021-03-21 20:05:25.952  INFO 73107 --- [http-nio-8080-exec-7] com.hailin.beizhai.aspect.LogAspect      : Result:tags
2021-03-21 20:05:25.952  INFO 73107 --- [http-nio-8080-exec-7] com.hailin.beizhai.aspect.LogAspect      : ---------doAfter--------
2021-03-21 20:05:31.524  INFO 73107 --- [http-nio-8080-exec-5] com.hailin.beizhai.aspect.LogAspect      : ---------doBefore--------
2021-03-21 20:05:31.525  INFO 73107 --- [http-nio-8080-exec-5] com.hailin.beizhai.aspect.LogAspect      : Requestlog:Requestlog{url='/', ip='0:0:0:0:0:0:0:1', classMethod='com.hailin.beizhai.web.IndexController.index', args=[Page request [number: 0, size 8, sort: updateTime: DESC], {}]}
2021-03-21 20:05:31.536  INFO 73107 --- [http-nio-8080-exec-5] com.hailin.beizhai.aspect.LogAspect      : Result:index
2021-03-21 20:05:31.536  INFO 73107 --- [http-nio-8080-exec-5] com.hailin.beizhai.aspect.LogAspect      : ---------doAfter--------
2021-03-21 20:08:58.683  INFO 73107 --- [http-nio-8080-exec-10] com.hailin.beizhai.aspect.LogAspect      : ---------doBefore--------
2021-03-21 20:08:58.683  INFO 73107 --- [http-nio-8080-exec-10] com.hailin.beizhai.aspect.LogAspect      : Requestlog:Requestlog{url='/', ip='0:0:0:0:0:0:0:1', classMethod='com.hailin.beizhai.web.IndexController.index', args=[Page request [number: 0, size 8, sort: updateTime: DESC], {}]}
2021-03-21 20:08:58.696  INFO 73107 --- [http-nio-8080-exec-10] com.hailin.beizhai.aspect.LogAspect      : Result:index
2021-03-21 20:08:58.696  INFO 73107 --- [http-nio-8080-exec-10] com.hailin.beizhai.aspect.LogAspect      : ---------doAfter--------
2021-03-21 20:09:59.200  INFO 73107 --- [http-nio-8080-exec-5] com.hailin.beizhai.aspect.LogAspect      : ---------doBefore--------
2021-03-21 20:09:59.201  INFO 73107 --- [http-nio-8080-exec-5] com.hailin.beizhai.aspect.LogAspect      : Requestlog:Requestlog{url='/', ip='0:0:0:0:0:0:0:1', classMethod='com.hailin.beizhai.web.IndexController.index', args=[Page request [number: 0, size 8, sort: updateTime: DESC], {}]}
2021-03-21 20:09:59.214  INFO 73107 --- [http-nio-8080-exec-5] com.hailin.beizhai.aspect.LogAspect      : Result:index
2021-03-21 20:09:59.214  INFO 73107 --- [http-nio-8080-exec-5] com.hailin.beizhai.aspect.LogAspect      : ---------doAfter--------
2021-03-21 20:10:37.509  INFO 73107 --- [http-nio-8080-exec-1] com.hailin.beizhai.aspect.LogAspect      : ---------doBefore--------
2021-03-21 20:10:37.510  INFO 73107 --- [http-nio-8080-exec-1] com.hailin.beizhai.aspect.LogAspect      : Requestlog:Requestlog{url='/', ip='0:0:0:0:0:0:0:1', classMethod='com.hailin.beizhai.web.IndexController.index', args=[Page request [number: 0, size 8, sort: updateTime: DESC], {}]}
2021-03-21 20:10:37.522  INFO 73107 --- [http-nio-8080-exec-1] com.hailin.beizhai.aspect.LogAspect      : Result:index
2021-03-21 20:10:37.522  INFO 73107 --- [http-nio-8080-exec-1] com.hailin.beizhai.aspect.LogAspect      : ---------doAfter--------
2021-03-21 20:16:04.446  INFO 73107 --- [SpringContextShutdownHook] o.s.s.concurrent.ThreadPoolTaskExecutor  : Shutting down ExecutorService 'applicationTaskExecutor'
2021-03-21 20:16:04.447  INFO 73107 --- [SpringContextShutdownHook] j.LocalContainerEntityManagerFactoryBean : Closing JPA EntityManagerFactory for persistence unit 'default'
2021-03-21 20:16:04.448  INFO 73107 --- [SpringContextShutdownHook] com.zaxxer.hikari.HikariDataSource       : HikariPool-2 - Shutdown initiated...
2021-03-21 20:16:04.449  INFO 73107 --- [SpringContextShutdownHook] com.zaxxer.hikari.HikariDataSource       : HikariPool-2 - Shutdown completed.
2021-03-21 20:16:06.039  INFO 75754 --- [restartedMain] com.hailin.beizhai.BeizhaiApplication    : Starting BeizhaiApplication using Java 1.8.0_275 on HaiLin-MacBook-Air.local with PID 75754 (/Users/zhouhailin/idea-code/beizhai/target/classes started by zhouhailin in /Users/zhouhailin/idea-code/beizhai)
2021-03-21 20:16:06.040 DEBUG 75754 --- [restartedMain] com.hailin.beizhai.BeizhaiApplication    : Running with Spring Boot v2.4.2, Spring v5.3.3
2021-03-21 20:16:06.040  INFO 75754 --- [restartedMain] com.hailin.beizhai.BeizhaiApplication    : The following profiles are active: dev
2021-03-21 20:16:06.063  INFO 75754 --- [restartedMain] .e.DevToolsPropertyDefaultsPostProcessor : Devtools property defaults active! Set 'spring.devtools.add-properties' to 'false' to disable
2021-03-21 20:16:06.063  INFO 75754 --- [restartedMain] .e.DevToolsPropertyDefaultsPostProcessor : For additional web related logging consider setting the 'logging.level.web' property to 'DEBUG'
2021-03-21 20:16:06.368  INFO 75754 --- [restartedMain] .s.d.r.c.RepositoryConfigurationDelegate : Bootstrapping Spring Data JPA repositories in DEFAULT mode.
2021-03-21 20:16:06.394  INFO 75754 --- [restartedMain] .s.d.r.c.RepositoryConfigurationDelegate : Finished Spring Data repository scanning in 22 ms. Found 5 JPA repository interfaces.
2021-03-21 20:16:06.675  INFO 75754 --- [restartedMain] o.s.b.w.embedded.tomcat.TomcatWebServer  : Tomcat initialized with port(s): 8080 (http)
2021-03-21 20:16:06.679  INFO 75754 --- [restartedMain] o.apache.catalina.core.StandardService   : Starting service [Tomcat]
2021-03-21 20:16:06.679  INFO 75754 --- [restartedMain] org.apache.catalina.core.StandardEngine  : Starting Servlet engine: [Apache Tomcat/9.0.41]
2021-03-21 20:16:06.711  INFO 75754 --- [restartedMain] o.a.c.c.C.[Tomcat].[localhost].[/]       : Initializing Spring embedded WebApplicationContext
2021-03-21 20:16:06.711  INFO 75754 --- [restartedMain] w.s.c.ServletWebServerApplicationContext : Root WebApplicationContext: initialization completed in 648 ms
2021-03-21 20:16:06.805  INFO 75754 --- [restartedMain] o.hibernate.jpa.internal.util.LogHelper  : HHH000204: Processing PersistenceUnitInfo [name: default]
2021-03-21 20:16:06.821  INFO 75754 --- [restartedMain] org.hibernate.Version                    : HHH000412: Hibernate ORM core version 5.4.27.Final
2021-03-21 20:16:06.861  INFO 75754 --- [restartedMain] o.hibernate.annotations.common.Version   : HCANN000001: Hibernate Commons Annotations {5.1.2.Final}
2021-03-21 20:16:06.905  INFO 75754 --- [restartedMain] com.zaxxer.hikari.HikariDataSource       : HikariPool-1 - Starting...
2021-03-21 20:16:06.906  WARN 75754 --- [restartedMain] com.zaxxer.hikari.util.DriverDataSource  : Registered driver with driverClassName=com.mysql.jdbc.Driver was not found, trying direct instantiation.
2021-03-21 20:16:07.094  INFO 75754 --- [restartedMain] com.zaxxer.hikari.HikariDataSource       : HikariPool-1 - Start completed.
2021-03-21 20:16:07.100  INFO 75754 --- [restartedMain] org.hibernate.dialect.Dialect            : HHH000400: Using dialect: org.hibernate.dialect.MySQL57Dialect
2021-03-21 20:16:07.394  INFO 75754 --- [restartedMain] o.h.e.t.j.p.i.JtaPlatformInitiator       : HHH000490: Using JtaPlatform implementation: [org.hibernate.engine.transaction.jta.platform.internal.NoJtaPlatform]
2021-03-21 20:16:07.397  INFO 75754 --- [restartedMain] j.LocalContainerEntityManagerFactoryBean : Initialized JPA EntityManagerFactory for persistence unit 'default'
2021-03-21 20:16:07.424  INFO 75754 --- [restartedMain] o.s.b.d.a.OptionalLiveReloadServer       : LiveReload server is running on port 35729
2021-03-21 20:16:07.901  WARN 75754 --- [restartedMain] JpaBaseConfiguration$JpaWebConfiguration : spring.jpa.open-in-view is enabled by default. Therefore, database queries may be performed during view rendering. Explicitly configure spring.jpa.open-in-view to disable this warning
2021-03-21 20:16:08.000  INFO 75754 --- [restartedMain] o.s.s.concurrent.ThreadPoolTaskExecutor  : Initializing ExecutorService 'applicationTaskExecutor'
2021-03-21 20:16:08.059  INFO 75754 --- [restartedMain] o.s.b.a.w.s.WelcomePageHandlerMapping    : Adding welcome page template: index
2021-03-21 20:16:08.219  INFO 75754 --- [restartedMain] o.s.b.w.embedded.tomcat.TomcatWebServer  : Tomcat started on port(s): 8080 (http) with context path ''
2021-03-21 20:16:08.225  INFO 75754 --- [restartedMain] com.hailin.beizhai.BeizhaiApplication    : Started BeizhaiApplication in 2.392 seconds (JVM running for 2.713)
2021-03-21 20:16:15.437  INFO 75754 --- [http-nio-8080-exec-1] o.a.c.c.C.[Tomcat].[localhost].[/]       : Initializing Spring DispatcherServlet 'dispatcherServlet'
2021-03-21 20:16:15.437  INFO 75754 --- [http-nio-8080-exec-1] o.s.web.servlet.DispatcherServlet        : Initializing Servlet 'dispatcherServlet'
2021-03-21 20:16:15.438  INFO 75754 --- [http-nio-8080-exec-1] o.s.web.servlet.DispatcherServlet        : Completed initialization in 1 ms
2021-03-21 20:16:15.456  INFO 75754 --- [http-nio-8080-exec-1] com.hailin.beizhai.aspect.LogAspect      : ---------doBefore--------
2021-03-21 20:16:15.456  INFO 75754 --- [http-nio-8080-exec-1] com.hailin.beizhai.aspect.LogAspect      : Requestlog:Requestlog{url='/', ip='0:0:0:0:0:0:0:1', classMethod='com.hailin.beizhai.web.IndexController.index', args=[Page request [number: 0, size 8, sort: updateTime: DESC], {}]}
2021-03-21 20:16:15.506  WARN 75754 --- [http-nio-8080-exec-1] org.hibernate.orm.deprecation            : HHH90000016: Found use of deprecated 'collection property' syntax in HQL/JPQL query [t.blogs.size]; use collection function syntax instead [size(t.blogs)].
2021-03-21 20:16:15.512  WARN 75754 --- [http-nio-8080-exec-1] org.hibernate.orm.deprecation            : HHH90000016: Found use of deprecated 'collection property' syntax in HQL/JPQL query [t.blogs.size]; use collection function syntax instead [size(t.blogs)].
2021-03-21 20:16:15.517  INFO 75754 --- [http-nio-8080-exec-1] com.hailin.beizhai.aspect.LogAspect      : Result:index
2021-03-21 20:16:15.517  INFO 75754 --- [http-nio-8080-exec-1] com.hailin.beizhai.aspect.LogAspect      : ---------doAfter--------
2021-03-21 20:23:41.713  INFO 75754 --- [http-nio-8080-exec-5] com.hailin.beizhai.aspect.LogAspect      : ---------doBefore--------
2021-03-21 20:23:41.714  INFO 75754 --- [http-nio-8080-exec-5] com.hailin.beizhai.aspect.LogAspect      : Requestlog:Requestlog{url='/', ip='0:0:0:0:0:0:0:1', classMethod='com.hailin.beizhai.web.IndexController.index', args=[Page request [number: 0, size 8, sort: updateTime: DESC], {}]}
2021-03-21 20:23:41.735  INFO 75754 --- [http-nio-8080-exec-5] com.hailin.beizhai.aspect.LogAspect      : Result:index
2021-03-21 20:23:41.735  INFO 75754 --- [http-nio-8080-exec-5] com.hailin.beizhai.aspect.LogAspect      : ---------doAfter--------
2021-03-21 20:23:49.660  INFO 75754 --- [http-nio-8080-exec-7] com.hailin.beizhai.aspect.LogAspect      : ---------doBefore--------
2021-03-21 20:23:49.661  INFO 75754 --- [http-nio-8080-exec-7] com.hailin.beizhai.aspect.LogAspect      : Requestlog:Requestlog{url='/', ip='0:0:0:0:0:0:0:1', classMethod='com.hailin.beizhai.web.IndexController.index', args=[Page request [number: 0, size 8, sort: updateTime: DESC], {}]}
2021-03-21 20:23:49.679  INFO 75754 --- [http-nio-8080-exec-7] com.hailin.beizhai.aspect.LogAspect      : Result:index
2021-03-21 20:23:49.680  INFO 75754 --- [http-nio-8080-exec-7] com.hailin.beizhai.aspect.LogAspect      : ---------doAfter--------
2021-03-21 20:26:35.531  INFO 75754 --- [http-nio-8080-exec-9] com.hailin.beizhai.aspect.LogAspect      : ---------doBefore--------
2021-03-21 20:26:35.531  INFO 75754 --- [http-nio-8080-exec-9] com.hailin.beizhai.aspect.LogAspect      : Requestlog:Requestlog{url='/', ip='0:0:0:0:0:0:0:1', classMethod='com.hailin.beizhai.web.IndexController.index', args=[Page request [number: 0, size 8, sort: updateTime: DESC], {}]}
2021-03-21 20:26:35.549  INFO 75754 --- [http-nio-8080-exec-9] com.hailin.beizhai.aspect.LogAspect      : Result:index
2021-03-21 20:26:35.550  INFO 75754 --- [http-nio-8080-exec-9] com.hailin.beizhai.aspect.LogAspect      : ---------doAfter--------
2021-03-21 20:32:51.072  INFO 75754 --- [http-nio-8080-exec-3] com.hailin.beizhai.aspect.LogAspect      : ---------doBefore--------
2021-03-21 20:32:51.073  INFO 75754 --- [http-nio-8080-exec-3] com.hailin.beizhai.aspect.LogAspect      : Requestlog:Requestlog{url='/', ip='0:0:0:0:0:0:0:1', classMethod='com.hailin.beizhai.web.IndexController.index', args=[Page request [number: 0, size 8, sort: updateTime: DESC], {}]}
2021-03-21 20:32:51.096  INFO 75754 --- [http-nio-8080-exec-3] com.hailin.beizhai.aspect.LogAspect      : Result:index
2021-03-21 20:32:51.096  INFO 75754 --- [http-nio-8080-exec-3] com.hailin.beizhai.aspect.LogAspect      : ---------doAfter--------
2021-03-21 20:33:44.082  INFO 75754 --- [http-nio-8080-exec-1] com.hailin.beizhai.aspect.LogAspect      : ---------doBefore--------
2021-03-21 20:33:44.082  INFO 75754 --- [http-nio-8080-exec-1] com.hailin.beizhai.aspect.LogAspect      : Requestlog:Requestlog{url='/', ip='0:0:0:0:0:0:0:1', classMethod='com.hailin.beizhai.web.IndexController.index', args=[Page request [number: 0, size 8, sort: updateTime: DESC], {}]}
2021-03-21 20:33:44.103  INFO 75754 --- [http-nio-8080-exec-1] com.hailin.beizhai.aspect.LogAspect      : Result:index
2021-03-21 20:33:44.103  INFO 75754 --- [http-nio-8080-exec-1] com.hailin.beizhai.aspect.LogAspect      : ---------doAfter--------
2021-03-21 20:34:43.637  INFO 75754 --- [http-nio-8080-exec-4] com.hailin.beizhai.aspect.LogAspect      : ---------doBefore--------
2021-03-21 20:34:43.637  INFO 75754 --- [http-nio-8080-exec-4] com.hailin.beizhai.aspect.LogAspect      : Requestlog:Requestlog{url='/blog/21', ip='0:0:0:0:0:0:0:1', classMethod='com.hailin.beizhai.web.IndexController.blog', args=[21, {}]}
2021-03-21 20:34:43.679  INFO 75754 --- [http-nio-8080-exec-4] com.hailin.beizhai.aspect.LogAspect      : Result:blog
2021-03-21 20:34:43.679  INFO 75754 --- [http-nio-8080-exec-4] com.hailin.beizhai.aspect.LogAspect      : ---------doAfter--------
2021-03-21 20:34:44.059  INFO 75754 --- [http-nio-8080-exec-9] com.hailin.beizhai.aspect.LogAspect      : ---------doBefore--------
2021-03-21 20:34:44.060  INFO 75754 --- [http-nio-8080-exec-9] com.hailin.beizhai.aspect.LogAspect      : Requestlog:Requestlog{url='/comments/21', ip='0:0:0:0:0:0:0:1', classMethod='com.hailin.beizhai.web.CommentController.comments', args=[21, {}]}
2021-03-21 20:34:44.096  INFO 75754 --- [http-nio-8080-exec-9] com.hailin.beizhai.aspect.LogAspect      : Result:blog :: commentList
2021-03-21 20:34:44.096  INFO 75754 --- [http-nio-8080-exec-9] com.hailin.beizhai.aspect.LogAspect      : ---------doAfter--------
2021-03-21 20:38:41.921  INFO 75754 --- [http-nio-8080-exec-9] com.hailin.beizhai.aspect.LogAspect      : ---------doBefore--------
2021-03-21 20:38:41.922  INFO 75754 --- [http-nio-8080-exec-9] com.hailin.beizhai.aspect.LogAspect      : Requestlog:Requestlog{url='/', ip='0:0:0:0:0:0:0:1', classMethod='com.hailin.beizhai.web.IndexController.index', args=[Page request [number: 0, size 8, sort: updateTime: DESC], {}]}
2021-03-21 20:38:41.939  INFO 75754 --- [http-nio-8080-exec-9] com.hailin.beizhai.aspect.LogAspect      : Result:index
2021-03-21 20:38:41.939  INFO 75754 --- [http-nio-8080-exec-9] com.hailin.beizhai.aspect.LogAspect      : ---------doAfter--------
